0:100  0:100  MemLog inited, TSC freq: 3696499860
0:100  0:000  CPU was calibrated with RTC
0:100  0:000  
0:100  0:000  Now is 27.1.2019,  0:58:58 (GMT)
0:100  0:000  Starting Clover revision: 4792 on American Megatrends EFI
0:100  0:000  Build with: [Args: -mc --no-usb -D NO_GRUB_DRIVERS_EMBEDDED -t XCODE8 | -D DISABLE_USB_SUPPORT -D NO_GRUB_DRIVERS_EMBEDDED --conf=/Users/sky/src/edk2/Conf -D USE_BIOS_BLOCKIO -D USE_LOW_EBDA -a X64 -b RELEASE -t XCODE8 -n 13 | OS: 10.14.2 | XCODE: 10.1]
0:100  0:000  SelfDevicePath=PciRoot(0x0)\Pci(0x17,0x0)\Sata(0x2,0xFFFF,0x0)\HD(1,GPT,BA04BAC2-23D4-4F9E-8040-BDBEE125B03C,0x28,0x64000) @AE305698
0:100  0:000  SelfDirPath = \EFI\BOOT
0:112  0:012  === [ Get Smbios ] ========================================
0:112  0:000  Type 16 Index = 0
0:112  0:000  Total Memory Slots Count = 4
0:112  0:000  Type 17 Index = 0
0:112  0:000  SmbiosTable.Type17->Speed = 1600MHz
0:112  0:000  SmbiosTable.Type17->Size = 4096MB
0:112  0:000  SmbiosTable.Type17->Bank/Device = BANK 0 DIMM_A1
0:112  0:000  SmbiosTable.Type17->Vendor = Samsung
0:112  0:000  SmbiosTable.Type17->SerialNumber = 35122028
0:112  0:000  SmbiosTable.Type17->PartNumber = M379B5273DH0-YK0  
0:112  0:000  Type 17 Index = 1
0:112  0:000  Ignoring insane frequency value 0MHz
0:112  0:000  SmbiosTable.Type17->Speed = 0MHz
0:112  0:000  SmbiosTable.Type17->Size = 0MB
0:112  0:000  SmbiosTable.Type17->Bank/Device = BANK 1 DIMM_A2
0:112  0:000  SmbiosTable.Type17->Vendor = <null string>
0:112  0:000  SmbiosTable.Type17->SerialNumber = <null string>
0:112  0:000  SmbiosTable.Type17->PartNumber = <null string>
0:112  0:000  Type 17 Index = 2
0:112  0:000  SmbiosTable.Type17->Speed = 1600MHz
0:112  0:000  SmbiosTable.Type17->Size = 4096MB
0:112  0:000  SmbiosTable.Type17->Bank/Device = BANK 2 DIMM_B1
0:112  0:000  SmbiosTable.Type17->Vendor = Samsung
0:112  0:000  SmbiosTable.Type17->SerialNumber = 35128113
0:112  0:000  SmbiosTable.Type17->PartNumber = M379B5273DH0-YK0  
0:112  0:000  Type 17 Index = 3
0:112  0:000  Ignoring insane frequency value 0MHz
0:112  0:000  SmbiosTable.Type17->Speed = 0MHz
0:112  0:000  SmbiosTable.Type17->Size = 0MB
0:112  0:000  SmbiosTable.Type17->Bank/Device = BANK 3 DIMM_B2
0:112  0:000  SmbiosTable.Type17->Vendor = <null string>
0:112  0:000  SmbiosTable.Type17->SerialNumber = <null string>
0:112  0:000  SmbiosTable.Type17->PartNumber = <null string>
0:112  0:000  Boot status=0
0:112  0:000  Running on: 'System Product Name' with board 'B150M-PLUS D3'
0:112  0:000  === [ GetCPUProperties ] ==================================
0:112  0:000  CPU Vendor = 756E6547 Model=506E3
0:112  0:000   The CPU supported SSE4.1
0:112  0:000  BrandString = Intel(R) Core(TM) i3-6100 CPU @ 3.70GHz
0:112  0:000   The CPU not supported turbo
0:112  0:000  MSR 0x35               20004
0:112  0:000   TSC/CCC Information Leaf:
0:112  0:000    numerator     : 308
0:112  0:000    denominator   : 2
0:112  0:000   Calibrated ARTFrequency: 24003245
0:112  0:000  MSR 0xE2 before patch 7E000000
0:112  0:000  MSR 0xCE              00080838_F1012500
0:112  0:000  corrected FLEX_RATIO = 0
0:112  0:000  FSBFrequency = 100 MHz, DMI FSBFrequency = 100 MHz, Corrected FSBFrequency = 100 MHz
0:112  0:000  MaxDiv/MinDiv: 37.0/8
0:112  0:000  Turbo: 37/37/37/37
0:112  0:000  Features: 0xBFEBFBFF
0:112  0:000  Threads: 4
0:112  0:000  Cores: 2
0:112  0:000  FSB: 100 MHz
0:112  0:000  CPU: 3700 MHz
0:112  0:000  TSC: 3700 MHz
0:112  0:000  PIS: 100 MHz
0:112  0:000  ExternalClock: 25 MHz
0:112  0:000  === [ GetDevices ] ========================================
0:112  0:000  PCI (00|00:00.00) : 8086 190F class=060000
0:112  0:000  PCI (00|00:01.00) : 8086 1901 class=060400
0:112  0:000  PCI (00|01:00.00) : 1002 6819 class=030000
0:112  0:000   - GFX: Model=AMD Radeon HD 7850 Series (ATI/AMD)
0:112  0:000  PCI (00|01:00.01) : 1002 AAB0 class=040300
0:112  0:000   - HDMI Audio: 
0:112  0:000  PCI (00|00:02.00) : 8086 1912 class=038000
0:112  0:000   - GFX: Model=Intel HD Graphics 530 (Intel)
0:112  0:000  PCI (00|00:14.00) : 8086 A12F class=0C0330
0:112  0:000  PCI (00|00:16.00) : 8086 A13A class=078000
0:112  0:000  PCI (00|00:17.00) : 8086 A102 class=010601
0:112  0:000  PCI (00|00:1C.00) : 8086 A114 class=060400
0:112  0:000  PCI (00|00:1D.00) : 8086 A118 class=060400
0:112  0:000  PCI (00|00:1D.02) : 8086 A11A class=060400
0:112  0:000  PCI (00|04:00.00) : 1B21 1080 class=060400
0:112  0:000  PCI (00|00:1D.03) : 8086 A11B class=060400
0:112  0:000  PCI (00|06:00.00) : 10EC 8168 class=020000
0:112  0:000   - LAN: 0 Vendor=Realtek
0:112  0:000  PCI (00|00:1F.00) : 8086 A148 class=060100
0:112  0:000  PCI (00|00:1F.02) : 8086 A121 class=058000
0:112  0:000  PCI (00|00:1F.03) : 8086 A170 class=040300
0:112  0:000  PCI (00|00:1F.04) : 8086 A123 class=0C0500
0:112  0:000  === [ GetDefaultSettings ] ================================
0:112  0:000  Clover load options size = 0 bytes
0:135  0:022  EFI\CLOVER\config.plist loaded: Success
0:135  0:000  === [ GetListOfThemes ] ===================================
0:145  0:009  - [00]: Clovy
0:150  0:004  - [01]: Hackintosh_ID
0:164  0:014  - [02]: SimpleThemeDark
0:171  0:006  === [ Found config plists ] ===============================
0:171  0:000  - config.plist
0:171  0:000  === [ GetEarlyUserSettings ] ==============================
0:171  0:000  timeout set to 5
0:171  0:000  Custom boot CUSTOM_BOOT_APPLE (0x0)
0:171  0:000  ForceKextsToLoad: 1 requested
0:171  0:000   - [0]: System\Library\Extensions\IONetworkingFamily.kext
0:171  0:000  KextsToPatch: 5 requested
0:171  0:000   - [00]: com.apple.driver.usb.AppleUSBXHCI (10.13.x USB Port Limit Patch) :: MatchOS: 10.13.4,10.13.5 :: BinPatch :: data len: 10
0:171  0:000   - [01]: com.apple.driver.usb.AppleUSBXHCI (USB 10.13.6 by PMHeart) :: MatchOS: 10.13.6 :: BinPatch :: data len: 10
0:171  0:000   - [02]: com.apple.driver.usb.AppleUSBXHCI (disable USB Port Limit Patch (PMheart) for 10.14 beta2) :: MatchOS: 10.14 :: BinPatch :: data len: 9
0:171  0:000   - [03]: com.apple.driver.usb.AppleUSBXHCI (USB Port limit patch 10.14.1 18B50C (credits DalianSky)) :: MatchOS: 10.14.1,10.14.2 :: BinPatch :: data len: 9
0:171  0:000   - [04]: IOBufferCopyController (disable IOBufferCopyController (Credit by DalianSky)) :: PlistPatch :: data len: 5
0:171  0:000  KernelToPatch: 4 requested
0:171  0:000   - [00]: Disable panic kext logging on 10.13 Debug kernel :: MatchOS: 10.13 :: data len: 6
0:171  0:000   - [01]: Disable panic kext logging on 10.13 Release kernel :: MatchOS: 10.13 :: data len: 6
0:171  0:000   - [02]: Disable panic kext logging on 10.14 Release kernel (c) vit9696 :: MatchOS: 10.14.x :: data len: 6
0:171  0:000   - [03]: MSR 0xE2 _xcpm_idle instant reboot(c) Pike R. Alpha :: data len: 8
0:171  0:000  Default theme: Hackintosh_ID
0:171  0:000  ** Warning: unknown custom entry Type 'Other'
0:171  0:000  === [ LoadDrivers ] =======================================
0:172  0:000  Loading apfs.efi  status=Success
0:188  0:016   - driver needs connecting
0:188  0:000  Loading ApfsDriverLoader-64.efi  status=Success
0:189  0:000   - driver needs connecting
0:189  0:000  Loading AppleImageLoader-64.efi  status=Success
0:189  0:000  Loading AptioMemoryFix-64.efi  status=Success
0:189  0:000  Loading DataHubDxe-64.efi  status=Success
0:193  0:003  Loading EmuVariableUefi-64.efi  status=Success
0:193  0:000  EmuVariableUefi Initialize: VariableCommonInitialize = Success, orig services stored, install gEmuVariableControlProtocolGuid = Success
0:193  0:000  Loading FSInject-64.efi  status=Success
0:193  0:000  Loading HFSPlus.efi  status=Success
0:193  0:000   - driver needs connecting
0:193  0:000  Loading SMCHelper-64.efi  status=Success
0:194  0:000  3 drivers needs connecting ...
0:194  0:000  PlatformDriverOverrideProtocol->GetDriver overriden
0:194  0:000  HFS+ driver loaded
0:194  0:000  APFS driver loaded
0:194  0:000  Searching for invalid DiskIo BY_DRIVER connects: not found, all ok
0:936  0:742  EmuVariable InstallEmulation: orig vars copied, emu.var.services installed, CreateEvent VirtualAddressChange = Success, CreateEvent ExitBootServices = Success, set Status=Success
0:958  0:021  === [ InitScreen ] ========================================
0:958  0:000  SetMaxResolution: found best mode 5: 1920x1080
1:045  0:087  Video mode change to mode #5: Success
1:045  0:000   - set
1:045  0:000  Console modes reported: 4, available modes:
1:045  0:000   - [01]: 80x25 (current mode)
1:045  0:000   - [02]: 80x50
1:045  0:000   - [03]: 100x31
1:045  0:000   - [04]: 240x56
1:045  0:000  SetScreenResolution: 1920x1080 - already set
1:045  0:000  reinit: self device path=PciRoot(0x0)\Pci(0x17,0x0)\Sata(0x2,0xFFFF,0x0)\HD(1,GPT,BA04BAC2-23D4-4F9E-8040-BDBEE125B03C,0x28,0x64000)
1:045  0:000  === [ GetMacAddress ] =====================================
1:045  0:000  === [ ScanSPD ] ===========================================
1:045  0:000  SMBus device : 8086 A123 class=0C0500 status=Success
1:045  0:000  SMBus CmdReg: 0x3
1:045  0:000  Scanning SMBus [8086:A123], mmio: 0xF722A004, ioport: 0xF040, hostc: 0x11
1:045  0:000  Slots to scan [8]...
1:046  0:000  SPD[0]: Type 11 @0x50
1:064  0:017  Not using XMP because it is not present
1:064  0:000  DDR speed 1600MHz
1:064  0:000  Slot: 0 Type 24 4096MB 1600MHz Vendor=Samsung PartNo=M379B5273DH0-YK0 SerialNo=020307090C0F010C
1:064  0:000  SPD[2]: Type 11 @0x52
1:082  0:017  Not using XMP because it is not present
1:082  0:000  DDR speed 1600MHz
1:082  0:000  Slot: 2 Type 24 4096MB 1600MHz Vendor=Samsung PartNo=M379B5273DH0-YK0 SerialNo=020307090501080A
1:083  0:000  === [ GetAcpiTablesList ] =================================
1:083  0:000  Get Acpi Tables List from RSDT:
1:083  0:000   - [00]: FACP  A M I  len=132
1:083  0:000   - [01]: APIC  A M I  len=132
1:083  0:000   - [02]: FPDT  A M I  len=68
1:083  0:000   - [03]: FIDT  A M I  len=156
1:083  0:000   - [04]: MCFG  A M I  len=60
1:083  0:000   - [05]: HPET  A M I  len=56
1:083  0:000   - [06]: SSDT  SataTabl len=877
1:083  0:000   - [07]: LPIT  SKL len=148
1:083  0:000   - [08]: SSDT  sensrhub len=584
1:083  0:000   - [09]: SSDT  PtidDevc len=11182
1:083  0:000   - [10]: SSDT  Ther_Rvp len=3043
1:083  0:000   - [11]: SSDT  zpodd len=1187
1:083  0:000   - [12]: DBGP   len=52
1:083  0:000   - [13]: DBG2   len=84
1:083  0:000   - [14]: SSDT  xh_rvp08 len=1797
1:083  0:000   - [15]: SSDT  SaSsdt  len=21337
1:083  0:000   - [16]: UEFI   len=66
1:083  0:000   - [17]: SSDT  CpuSsdt len=3699
1:083  0:000   - [18]: ASF!   HCG len=165
1:083  0:000  Calibrated TSC Frequency = 3696499860 = 3696MHz
1:083  0:000  === [ GetUserSettings ] ===================================
1:083  0:000  USB FixOwnership: yes
1:083  0:000  Dropping 2 tables:
1:083  0:000   - [00]: Drop table  signature="#MCF" (46434D23)
1:083  0:000           - set table: 46434D23,                0 to drop: no
1:083  0:000   - [01]: Drop table  signature="DMAR" (52414D44)
1:083  0:000           - set table: 52414D44,                0 to drop: no
1:083  0:000   - final DSDT Fix mask=00000000
1:083  0:000  PatchesDSDT: 12 requested
1:083  0:000   - [00]: (change OSID to XSID (to avoid match against _OSI XOSI patch)) lenToFind: 4, lenToReplace: 4, Target Bridge: <null string>
1:083  0:000    patch disabled at config
1:083  0:000   - [01]: (change _OSI to XOSI) lenToFind: 4, lenToReplace: 4, Target Bridge: <null string>
1:083  0:000    patch disabled at config
1:083  0:000   - [02]: (change _DSM to XDSM) lenToFind: 4, lenToReplace: 4, Target Bridge: <null string>
1:083  0:000    patch disabled at config
1:083  0:000   - [03]: (change EC0 to EC) lenToFind: 4, lenToReplace: 4, Target Bridge: <null string>
1:083  0:000    patch disabled at config
1:083  0:000   - [04]: (change H_EC to EC) lenToFind: 4, lenToReplace: 4, Target Bridge: <null string>
1:083  0:000    patch disabled at config
1:083  0:000   - [05]: (change ECDV to EC) lenToFind: 4, lenToReplace: 4, Target Bridge: <null string>
1:083  0:000    patch disabled at config
1:083  0:000   - [06]: (change HDAS to HDEF) lenToFind: 4, lenToReplace: 4, Target Bridge: <null string>
1:083  0:000   - [07]: (change HECI to IMEI) lenToFind: 4, lenToReplace: 4, Target Bridge: <null string>
1:083  0:000   - [08]: (change MEI to IMEI) lenToFind: 4, lenToReplace: 4, Target Bridge: <null string>
1:083  0:000   - [09]: (change GFX0 to IGPU) lenToFind: 4, lenToReplace: 4, Target Bridge: <null string>
1:083  0:000   - [10]: (change PCI0.VID to IGPU #1 (Thinkpad)) lenToFind: 8, lenToReplace: 8, Target Bridge: <null string>
1:083  0:000   - [11]: (change PCI0.VID to IGPU #2 (Thinkpad)) lenToFind: 14, lenToReplace: 14, Target Bridge: <null string>
1:083  0:000  Using ProductName from config: iMac17,1
1:083  0:000  Found same BiosVersion in clover and config
1:083  0:000  BiosVersion: IM171.88Z.F000.B00.1809251200
1:083  0:000  BiosReleaseDate: 09/25/2018
1:083  0:000  Using EfiVersion from config: 161.0.0.0.0
1:083  0:000  Using FirmwareFeatures from config: 0xFC0FE137
1:083  0:000  Using FirmwareFeaturesMask from config: 0xFF1FFF3F
1:083  0:000  Board-ID set from config as Mac-B809C3757DA9BB8D
1:083  0:000  BoardType: 0xA
1:083  0:000  ChassisType: 0x9
1:083  0:000  === [ Found DSDT tables ] =================================
1:230  0:146  === [ ScanVolumes ] =======================================
1:230  0:000  Found 16 volumes with blockIO
1:230  0:000  - [00]: Volume: PciRoot(0x0)\Pci(0x17,0x0)\Sata(0x2,0xFFFF,0x0)
1:230  0:000  - [01]: Volume: PciRoot(0x0)\Pci(0x17,0x0)\Sata(0x3,0xFFFF,0x0)
1:231  0:000          Result of bootcode detection: bootable unknown (legacy)
1:231  0:000  - [02]: Volume: PciRoot(0x0)\Pci(0x17,0x0)\Sata(0x4,0xFFFF,0x0)
1:232  0:000          Result of bootcode detection: bootable unknown (legacy)
1:232  0:000  - [03]: Volume: PciRoot(0x0)\Pci(0x17,0x0)\Sata(0x5,0xFFFF,0x0)
1:232  0:000          Result of bootcode detection: bootable unknown (legacy)
1:232  0:000  - [04]: Volume: PciRoot(0x0)\Pci(0x17,0x0)\Sata(0x2,0xFFFF,0x0)\HD(1,GPT,BA04BAC2-23D4-4F9E-8040-BDBEE125B03C,0x28,0x64000)
1:233  0:000          Result of bootcode detection: bootable unknown (legacy)
1:244  0:010          This is SelfVolume !!
1:244  0:000  - [05]: Volume: PciRoot(0x0)\Pci(0x17,0x0)\Sata(0x2,0xFFFF,0x0)\HD(2,GPT,CBD5A8E7-CF15-4715-ACE0-3A932718B0C9,0x64028,0x3A321FE0)
1:253  0:009          Result of bootcode detection: bootable unknown (legacy)
1:254  0:000  - [06]: Volume: PciRoot(0x0)\Pci(0x17,0x0)\Sata(0x3,0xFFFF,0x0)\HD(1,GPT,E1FE4F1A-EF72-42BE-9DD6-680BDC579ACD,0x800,0x3A385800)
1:254  0:000          Result of bootcode detection: bootable Windows (vista,win)
1:254  0:000  - [07]: Volume: PciRoot(0x0)\Pci(0x17,0x0)\Sata(0x4,0xFFFF,0x0)\HD(1,MBR,0xA01AA01A,0x800,0x3A385830)
1:259  0:005          Result of bootcode detection: bootable Windows (vista,win)
1:259  0:000  - [08]: Volume: PciRoot(0x0)\Pci(0x17,0x0)\Sata(0x5,0xFFFF,0x0)\HD(1,GPT,90BE797E-608A-431C-8C3E-E2EC53F23FFC,0x800,0x31800)
1:260  0:000          Result of bootcode detection: bootable Windows (vista,win)
1:260  0:000  - [09]: Volume: PciRoot(0x0)\Pci(0x17,0x0)\Sata(0x5,0xFFFF,0x0)\HD(2,GPT,702D495E-4268-4F6E-8EBA-542349957E5C,0x32000,0x40000)
1:261  0:000  - [10]: Volume: PciRoot(0x0)\Pci(0x17,0x0)\Sata(0x5,0xFFFF,0x0)\HD(3,GPT,6D73DC7C-42E4-44A1-816D-D60C7123D2E7,0x72000,0xEC341CD)
1:261  0:000          Result of bootcode detection: bootable Windows (vista,win)
1:261  0:000  - [11]: Volume: PciRoot(0x0)\Pci(0x17,0x0)\Sata(0x5,0xFFFF,0x0)\HD(4,GPT,7A31E63B-EE7A-475E-B145-CE91F8821B70,0xECA6800,0x1D5000)
1:262  0:000          Result of bootcode detection: bootable Windows (vista,win)
1:262  0:000  - [12]: Volume: PciRoot(0x0)\Pci(0x17,0x0)\Sata(0x2,0xFFFF,0x0)\HD(2,GPT,CBD5A8E7-CF15-4715-ACE0-3A932718B0C9,0x64028,0x3A321FE0)\VenMedia(BE74FCF7-0B7C-49F3-9147-01F4042E6842,4F165784F4DEC34D898CA97387156771)
1:262  0:000  - [13]: Volume: PciRoot(0x0)\Pci(0x17,0x0)\Sata(0x2,0xFFFF,0x0)\HD(2,GPT,CBD5A8E7-CF15-4715-ACE0-3A932718B0C9,0x64028,0x3A321FE0)\VenMedia(BE74FCF7-0B7C-49F3-9147-01F4042E6842,D90091E2013DE7449E33C8A0961D2903)
1:262  0:000  - [14]: Volume: PciRoot(0x0)\Pci(0x17,0x0)\Sata(0x2,0xFFFF,0x0)\HD(2,GPT,CBD5A8E7-CF15-4715-ACE0-3A932718B0C9,0x64028,0x3A321FE0)\VenMedia(BE74FCF7-0B7C-49F3-9147-01F4042E6842,199DCB330F3F604D8291C96BDF278921)
1:262  0:000  - [15]: Volume: PciRoot(0x0)\Pci(0x17,0x0)\Sata(0x2,0xFFFF,0x0)\HD(2,GPT,CBD5A8E7-CF15-4715-ACE0-3A932718B0C9,0x64028,0x3A321FE0)\VenMedia(BE74FCF7-0B7C-49F3-9147-01F4042E6842,B3BCAB885581CF44B43AA0375309CBBF)
1:263  0:001  PutNvramPlistToRtVars: nvram.plist not found
1:263  0:000  === [ InitTheme ] =========================================
1:264  0:000  Using theme 'Hackintosh_ID' (EFI\CLOVER\themes\Hackintosh_ID)
1:264  0:000  OS main and drive as badge
1:272  0:008  Loading font from ThemeDir: Success
1:272  0:000  theme inited
1:272  0:000  Chosen theme Hackintosh_ID
1:272  0:000  found boot-args in NVRAM:, size=1
1:272  0:000  after NVRAM boot-args=-lilubetaall debug=0x100 -disablegfxfirmware -v darkwake=8
1:272  0:000  === [ Dump SMC keys from NVRAM ] ==========================
1:272  0:000  found AppleSMC protocol
1:273  0:000  Registered 16 SMC keys
1:273  0:000  === [ AddCustomEntries ] ==================================
1:273  0:000  Custom entry 0 skipped because it is disabled.
1:273  0:000  === [ ScanLoader ] ========================================
1:273  0:000  - [04]: 'EFI'
1:309  0:036          AddLoaderEntry for Volume Name=EFI
1:309  0:000          skipped because entry is hidden
1:309  0:000  - [06]: 'DATA'
1:334  0:025  - [07]: 'Rubrosio'
1:360  0:025  - [08]: 'EFI'
1:360  0:000          AddLoaderEntry for Volume Name=EFI
1:360  0:000      Not match custom entry 0: Type: not match
1:388  0:028          AddLoaderEntry for Volume Name=EFI
1:388  0:000          skipped because entry is hidden
1:388  0:000  - [10]: ''
1:414  0:025  - [11]: ''
1:439  0:025  - [12]: 'Preboot'
1:464  0:024          AddLoaderEntry for Volume Name=Preboot
1:464  0:000      Not match custom entry 0: Type: not match
1:486  0:021      hibernated: set as never
1:509  0:023          AddLoaderEntry for Volume Name=Preboot
1:509  0:000      Not match custom entry 0: Type: not match
1:563  0:053  - [13]: 'Macintosh HD'
1:935  0:372          AddLoaderEntry for Volume Name=Macintosh HD
1:935  0:000      Not match custom entry 0: Type: not match
2:007  0:071      hibernated: set as never
2:052  0:045  - [14]: 'Recovery'
2:056  0:004          AddLoaderEntry for Volume Name=Recovery
2:056  0:000      Not match custom entry 0: Type: not match
2:123  0:066  - [15]: 'VM'
2:148  0:025  Scanning legacy ...
2:148  0:000   6: 'DATA' (vista,win) add legacy
2:149  0:001   added 'Boot Windows from DATA' OSType=2 Icon=vista,win
2:149  0:000   7: 'Rubrosio' (vista,win) add legacy
2:150  0:001   added 'Boot Windows from Rubrosio' OSType=2 Icon=vista,win
2:150  0:000   8: 'EFI' (vista,win) add legacy
2:151  0:001   added 'Boot Windows from EFI' OSType=2 Icon=vista,win
2:151  0:000  10: '' (vista,win) add legacy
2:152  0:001   added 'Boot Windows from ' OSType=2 Icon=vista,win
2:152  0:000  11: '' (vista,win) add legacy
2:153  0:000   added 'Boot Windows from ' OSType=2 Icon=vista,win
2:153  0:000  === [ AddCustomTool ] =====================================
2:154  0:000  found tool \EFI\CLOVER\tools\Shell64U.efi
2:154  0:000  Checking EFI partition Volume 4 for Clover
2:154  0:000   Found Clover
2:154  0:000  EmuVariable UninstallEmulation: CloseEvent = Success, original var services restored
2:154  0:000  EmuVariable InstallEmulation: orig vars copied, emu.var.services installed, CreateEvent VirtualAddressChange = Success, CreateEvent ExitBootServices = Success, set Status=Success
2:176  0:022  === [ GetEfiBootDeviceFromNvram ] =========================
2:176  0:000   - efi-boot-device-data: PciRoot(0x0)\Pci(0x14,0x0)\USB(0x0,0x0)\HD(2,GPT,9E026D54-E099-48AB-9895-6DD66995E305,0x64028,0xC65DA0)\System\Library\CoreServices\boot.efii
2:176  0:000    - Volume: 'PciRoot(0x0)\Pci(0x14,0x0)\USB(0x0,0x0)\HD(2,GPT,9E026D54-E099-48AB-9895-6DD66995E305,0x64028,0xC65DA0)'
2:176  0:000    - LoaderPath: '\System\Library\CoreServices\boot.efi'
2:176  0:000    - Guid = 9E026D54-E099-48AB-9895-6DD66995E305
2:176  0:000  === [ FindStartupDiskVolume ] =============================
2:176  0:000    - Volume: partition = PciRoot(0x0)\Pci(0x14,0x0)\USB(0x0,0x0)\HD(2,GPT,9E026D54-E099-48AB-9895-6DD66995E305,0x64028,0xC65DA0)
2:176  0:000     - searching for that partition and loader '\System\Library\CoreServices\boot.efi'
2:176  0:000      - [!] not found
2:176  0:000     - searching again, but comparing Media dev path nodes
2:176  0:000      - [!] not found
2:176  0:000     - searching for that partition
2:176  0:000      - [!] not found
2:176  0:000     - searching again, but comparing Media dev path nodes
2:176  0:000      - [!] not found
2:176  0:000   - found entry 3. 'Boot macOS from Macintosh HD', Volume 'Macintosh HD', DevicePath 'PciRoot(0x0)\Pci(0x17,0x0)\Sata(0x2,0xFFFF,0x0)\HD(2,GPT,CBD5A8E7-CF15-4715-ACE0-3A932718B0C9,0x64028,0x3A321FE0)\VenMedia(BE74FCF7-0B7C-49F3-9147-01F4042E6842,D90091E2013DE7449E33C8A0961D2903)\System\Library\CoreServices\boot.efii'
2:176  0:000  EmuVariable UninstallEmulation: CloseEvent = Success, original var services restored
2:176  0:000  DefaultIndex=3 and MainMenu.EntryCount=16
2:176  0:000  not run anime
2:972  0:795  GUI ready
7:036  4:064  not run anime
9:363  2:326  not run anime
14:706  5:343  not run anime
24:033  9:326  not run anime
28:520  4:487  not run anime
33:120  4:599  not run anime
33:912  0:791  not run anime
36:255  2:343  not run anime
53:989  17:733  not run anime
55:757  1:767  not run anime
59:460  3:703  not run anime
60:276  0:815  not run anime
76:354  16:077  not run anime
77:098  0:743  not run anime
81:129  4:031  not run anime
83:281  2:151  not run anime
85:825  2:543  not run anime
87:025  1:199  not run anime
87:648  0:623  not run anime
88:000  0:351  not run anime
88:582  0:581  === [ GetUserSettings ] ===================================
88:582  0:000  USB FixOwnership: yes
88:582  0:000  Dropping 2 tables:
88:582  0:000   - [00]: Drop table  signature="#MCF" (46434D23)
88:582  0:000           - set table: 46434D23,                0 to drop: no
88:582  0:000   - [01]: Drop table  signature="DMAR" (52414D44)
88:582  0:000           - set table: 52414D44,                0 to drop: no
88:582  0:000   - final DSDT Fix mask=00000000
88:582  0:000  PatchesDSDT: 12 requested
88:582  0:000   - [00]: (change OSID to XSID (to avoid match against _OSI XOSI patch)) lenToFind: 4, lenToReplace: 4, Target Bridge: <null string>
88:582  0:000    patch disabled at config
88:582  0:000   - [01]: (change _OSI to XOSI) lenToFind: 4, lenToReplace: 4, Target Bridge: <null string>
88:582  0:000    patch disabled at config
88:582  0:000   - [02]: (change _DSM to XDSM) lenToFind: 4, lenToReplace: 4, Target Bridge: <null string>
88:582  0:000    patch disabled at config
88:582  0:000   - [03]: (change EC0 to EC) lenToFind: 4, lenToReplace: 4, Target Bridge: <null string>
88:582  0:000    patch disabled at config
88:582  0:000   - [04]: (change H_EC to EC) lenToFind: 4, lenToReplace: 4, Target Bridge: <null string>
88:582  0:000    patch disabled at config
88:582  0:000   - [05]: (change ECDV to EC) lenToFind: 4, lenToReplace: 4, Target Bridge: <null string>
88:582  0:000    patch disabled at config
88:582  0:000   - [06]: (change HDAS to HDEF) lenToFind: 4, lenToReplace: 4, Target Bridge: <null string>
88:582  0:000   - [07]: (change HECI to IMEI) lenToFind: 4, lenToReplace: 4, Target Bridge: <null string>
88:582  0:000   - [08]: (change MEI to IMEI) lenToFind: 4, lenToReplace: 4, Target Bridge: <null string>
88:582  0:000   - [09]: (change GFX0 to IGPU) lenToFind: 4, lenToReplace: 4, Target Bridge: <null string>
88:582  0:000   - [10]: (change PCI0.VID to IGPU #1 (Thinkpad)) lenToFind: 8, lenToReplace: 8, Target Bridge: <null string>
88:582  0:000   - [11]: (change PCI0.VID to IGPU #2 (Thinkpad)) lenToFind: 14, lenToReplace: 14, Target Bridge: <null string>
88:582  0:000  Using ProductName from config: iMac17,1
88:582  0:000  Found same BiosVersion in clover and config
88:582  0:000  BiosVersion: IM171.88Z.F000.B00.1809251200
88:582  0:000  BiosReleaseDate: 09/25/2018
88:582  0:000  Using EfiVersion from config: 161.0.0.0.0
88:582  0:000  Using FirmwareFeatures from config: 0xFC0FE137
88:582  0:000  Using FirmwareFeaturesMask from config: 0xFF1FFF3F
88:582  0:000  Board-ID set from config as Mac-B809C3757DA9BB8D
88:582  0:000  BoardType: 0xA
88:582  0:000  ChassisType: 0x9
88:944  0:362  not run anime
93:272  4:327  not run anime
94:632  1:359  not run anime
95:495  0:863  not run anime
95:927  0:431  not run anime
96:839  0:911  not run anime
97:839  0:999  not run anime
103:542  5:703  not run anime
104:094  0:551  not run anime
105:150  1:055  not run anime
105:902  0:751  not run anime
106:606  0:703  not run anime
118:100  11:494  not run anime
119:172  1:071  not run anime
120:588  1:415  not run anime
129:723  9:134  not run anime
130:539  0:815  not run anime
131:235  0:695  ReinitSelfLib after theme change
131:235  0:000  reinit: self device path=PciRoot(0x0)\Pci(0x17,0x0)\Sata(0x2,0xFFFF,0x0)\HD(1,GPT,BA04BAC2-23D4-4F9E-8040-BDBEE125B03C,0x28,0x64000)
131:235  0:000  === [ ScanVolumes ] =======================================
131:235  0:000  Found 16 volumes with blockIO
131:235  0:000  - [00]: Volume: PciRoot(0x0)\Pci(0x17,0x0)\Sata(0x2,0xFFFF,0x0)
131:651  0:416  - [01]: Volume: PciRoot(0x0)\Pci(0x17,0x0)\Sata(0x3,0xFFFF,0x0)
131:651  0:000          Result of bootcode detection: bootable unknown (legacy)
131:651  0:000  - [02]: Volume: PciRoot(0x0)\Pci(0x17,0x0)\Sata(0x4,0xFFFF,0x0)
131:652  0:000          Result of bootcode detection: bootable unknown (legacy)
131:652  0:000  - [03]: Volume: PciRoot(0x0)\Pci(0x17,0x0)\Sata(0x5,0xFFFF,0x0)
131:653  0:000          Result of bootcode detection: bootable unknown (legacy)
131:653  0:000  - [04]: Volume: PciRoot(0x0)\Pci(0x17,0x0)\Sata(0x2,0xFFFF,0x0)\HD(1,GPT,BA04BAC2-23D4-4F9E-8040-BDBEE125B03C,0x28,0x64000)
131:653  0:000          Result of bootcode detection: bootable unknown (legacy)
131:653  0:000          This is SelfVolume !!
131:653  0:000  - [05]: Volume: PciRoot(0x0)\Pci(0x17,0x0)\Sata(0x2,0xFFFF,0x0)\HD(2,GPT,CBD5A8E7-CF15-4715-ACE0-3A932718B0C9,0x64028,0x3A321FE0)
131:662  0:008          Result of bootcode detection: bootable unknown (legacy)
131:662  0:000  - [06]: Volume: PciRoot(0x0)\Pci(0x17,0x0)\Sata(0x3,0xFFFF,0x0)\HD(1,GPT,E1FE4F1A-EF72-42BE-9DD6-680BDC579ACD,0x800,0x3A385800)
131:662  0:000          Result of bootcode detection: bootable Windows (vista,win)
131:662  0:000  - [07]: Volume: PciRoot(0x0)\Pci(0x17,0x0)\Sata(0x4,0xFFFF,0x0)\HD(1,MBR,0xA01AA01A,0x800,0x3A385830)
131:663  0:000          Result of bootcode detection: bootable Windows (vista,win)
131:663  0:000  - [08]: Volume: PciRoot(0x0)\Pci(0x17,0x0)\Sata(0x5,0xFFFF,0x0)\HD(1,GPT,90BE797E-608A-431C-8C3E-E2EC53F23FFC,0x800,0x31800)
131:663  0:000          Result of bootcode detection: bootable Windows (vista,win)
131:663  0:000  - [09]: Volume: PciRoot(0x0)\Pci(0x17,0x0)\Sata(0x5,0xFFFF,0x0)\HD(2,GPT,702D495E-4268-4F6E-8EBA-542349957E5C,0x32000,0x40000)
131:664  0:000  - [10]: Volume: PciRoot(0x0)\Pci(0x17,0x0)\Sata(0x5,0xFFFF,0x0)\HD(3,GPT,6D73DC7C-42E4-44A1-816D-D60C7123D2E7,0x72000,0xEC341CD)
131:665  0:000          Result of bootcode detection: bootable Windows (vista,win)
131:665  0:000  - [11]: Volume: PciRoot(0x0)\Pci(0x17,0x0)\Sata(0x5,0xFFFF,0x0)\HD(4,GPT,7A31E63B-EE7A-475E-B145-CE91F8821B70,0xECA6800,0x1D5000)
131:665  0:000          Result of bootcode detection: bootable Windows (vista,win)
131:665  0:000  - [12]: Volume: PciRoot(0x0)\Pci(0x17,0x0)\Sata(0x2,0xFFFF,0x0)\HD(2,GPT,CBD5A8E7-CF15-4715-ACE0-3A932718B0C9,0x64028,0x3A321FE0)\VenMedia(BE74FCF7-0B7C-49F3-9147-01F4042E6842,4F165784F4DEC34D898CA97387156771)
131:665  0:000  - [13]: Volume: PciRoot(0x0)\Pci(0x17,0x0)\Sata(0x2,0xFFFF,0x0)\HD(2,GPT,CBD5A8E7-CF15-4715-ACE0-3A932718B0C9,0x64028,0x3A321FE0)\VenMedia(BE74FCF7-0B7C-49F3-9147-01F4042E6842,D90091E2013DE7449E33C8A0961D2903)
131:665  0:000  - [14]: Volume: PciRoot(0x0)\Pci(0x17,0x0)\Sata(0x2,0xFFFF,0x0)\HD(2,GPT,CBD5A8E7-CF15-4715-ACE0-3A932718B0C9,0x64028,0x3A321FE0)\VenMedia(BE74FCF7-0B7C-49F3-9147-01F4042E6842,199DCB330F3F604D8291C96BDF278921)
131:665  0:000  - [15]: Volume: PciRoot(0x0)\Pci(0x17,0x0)\Sata(0x2,0xFFFF,0x0)\HD(2,GPT,CBD5A8E7-CF15-4715-ACE0-3A932718B0C9,0x64028,0x3A321FE0)\VenMedia(BE74FCF7-0B7C-49F3-9147-01F4042E6842,B3BCAB885581CF44B43AA0375309CBBF)
131:665  0:000  change theme
131:665  0:000  === [ InitTheme ] =========================================
131:666  0:000  Using theme 'Hackintosh_ID' (EFI\CLOVER\themes\Hackintosh_ID)
131:666  0:000  OS main and drive as badge
131:680  0:013  Loading font from ThemeDir: Success
131:680  0:000  theme inited
131:680  0:000  Chosen theme Hackintosh_ID
131:680  0:000  found boot-args in NVRAM:, size=1
131:680  0:000  after NVRAM boot-args=-lilubetaall debug=0x100 -disablegfxfirmware -v darkwake=8
131:680  0:000  === [ AddCustomEntries ] ==================================
131:680  0:000  Custom entry 0 skipped because it is disabled.
131:680  0:000  === [ ScanLoader ] ========================================
131:681  0:000  - [04]: 'EFI'
131:717  0:036          AddLoaderEntry for Volume Name=EFI
131:717  0:000          skipped because entry is hidden
131:717  0:000  - [06]: 'DATA'
131:742  0:025  - [07]: 'Rubrosio'
131:768  0:025  - [08]: 'EFI'
131:768  0:000          AddLoaderEntry for Volume Name=EFI
131:768  0:000      Not match custom entry 0: Type: not match
131:795  0:026          AddLoaderEntry for Volume Name=EFI
131:795  0:000          skipped because entry is hidden
131:795  0:000  - [10]: ''
131:821  0:025  - [11]: ''
131:846  0:025  - [12]: 'Preboot'
131:854  0:007          AddLoaderEntry for Volume Name=Preboot
131:854  0:000      Not match custom entry 0: Type: not match
131:871  0:017      hibernated: set as never
131:876  0:004          AddLoaderEntry for Volume Name=Preboot
131:876  0:000      Not match custom entry 0: Type: not match
131:942  0:066  - [13]: 'Macintosh HD'
132:005  0:062          AddLoaderEntry for Volume Name=Macintosh HD
132:005  0:000      Not match custom entry 0: Type: not match
132:021  0:015      hibernated: set as never
132:077  0:056  - [14]: 'Recovery'
132:084  0:006          AddLoaderEntry for Volume Name=Recovery
132:084  0:000      Not match custom entry 0: Type: not match
132:128  0:044  - [15]: 'VM'
132:153  0:025  Scanning legacy ...
132:153  0:000   6: 'DATA' (vista,win) add legacy
132:154  0:001   added 'Boot Windows from DATA' OSType=2 Icon=vista,win
132:154  0:000   7: 'Rubrosio' (vista,win) add legacy
132:155  0:001   added 'Boot Windows from Rubrosio' OSType=2 Icon=vista,win
132:155  0:000   8: 'EFI' (vista,win) add legacy
132:156  0:001   added 'Boot Windows from EFI' OSType=2 Icon=vista,win
132:156  0:000  10: '' (vista,win) add legacy
132:157  0:000   added 'Boot Windows from ' OSType=2 Icon=vista,win
132:157  0:000  11: '' (vista,win) add legacy
132:158  0:001   added 'Boot Windows from ' OSType=2 Icon=vista,win
132:158  0:000  === [ AddCustomTool ] =====================================
132:158  0:000  found tool \EFI\CLOVER\tools\Shell64U.efi
132:158  0:000  Checking EFI partition Volume 4 for Clover
132:158  0:000   Found Clover
132:158  0:000  EmuVariable UninstallEmulation: CloseEvent = Invalid Parameter, original var services restored
132:159  0:000  EmuVariable InstallEmulation: orig vars copied, emu.var.services installed, CreateEvent VirtualAddressChange = Success, CreateEvent ExitBootServices = Success, set Status=Success
132:181  0:022  === [ GetEfiBootDeviceFromNvram ] =========================
132:181  0:000  === [ FindStartupDiskVolume ] =============================
132:181  0:000    - Volume: partition = PciRoot(0x0)\Pci(0x14,0x0)\USB(0x0,0x0)\HD(2,GPT,9E026D54-E099-48AB-9895-6DD66995E305,0x64028,0xC65DA0)
132:181  0:000     - searching for that partition and loader '\System\Library\CoreServices\boot.efi'
132:181  0:000      - [!] not found
132:181  0:000     - searching again, but comparing Media dev path nodes
132:181  0:000      - [!] not found
132:181  0:000     - searching for that partition
132:181  0:000      - [!] not found
132:181  0:000     - searching again, but comparing Media dev path nodes
132:181  0:000      - [!] not found
132:181  0:000   - found entry 3. 'Boot macOS from Macintosh HD', Volume 'Macintosh HD', DevicePath 'PciRoot(0x0)\Pci(0x17,0x0)\Sata(0x2,0xFFFF,0x0)\HD(2,GPT,CBD5A8E7-CF15-4715-ACE0-3A932718B0C9,0x64028,0x3A321FE0)\VenMedia(BE74FCF7-0B7C-49F3-9147-01F4042E6842,D90091E2013DE7449E33C8A0961D2903)\System\Library\CoreServices\boot.efii'
132:181  0:000  EmuVariable UninstallEmulation: CloseEvent = Success, original var services restored
132:181  0:000  DefaultIndex=3 and MainMenu.EntryCount=16
132:181  0:000  not run anime
134:290  2:108  BootVariable of the entry is empty
134:290  0:000  === [ StartLoader ] =======================================
134:290  0:000  Finally: ExternalClock=25MHz BusSpeed=99906kHz CPUFreq=3696MHz PIS: hw.busfrequency=100000000Hz
134:290  0:000  Loading boot.efi  status=Success
134:408  0:117  GetOSVersion: 10.14.2 (18C54)
134:408  0:000  CSR_CFG: CSR_ALLOW_UNTRUSTED_KEXTS | CSR_ALLOW_UNRESTRICTED_FS | CSR_ALLOW_TASK_FOR_PID | CSR_ALLOW_UNRESTRICTED_DTRACE | CSR_ALLOW_UNRESTRICTED_NVRAM
134:408  0:000  Filtering KextPatches:
134:408  0:000   - [00]: com.apple.driver.usb.AppleUSBXHCI (10.13.x USB Port Limit Patch) :: BinPatch :: [OS: 10.14.2 | MatchOS: 10.13.4,10.13.5 | MatchBuild: All] ==> not allowed
134:408  0:000   - [01]: com.apple.driver.usb.AppleUSBXHCI (USB 10.13.6 by PMHeart) :: BinPatch :: [OS: 10.14.2 | MatchOS: 10.13.6 | MatchBuild: All] ==> not allowed
134:408  0:000   - [02]: com.apple.driver.usb.AppleUSBXHCI (disable USB Port Limit Patch (PMheart) for 10.14 beta2) :: BinPatch :: [OS: 10.14.2 | MatchOS: 10.14 | MatchBuild: All] ==> allowed
134:408  0:000   - [03]: com.apple.driver.usb.AppleUSBXHCI (USB Port limit patch 10.14.1 18B50C (credits DalianSky)) :: BinPatch :: [OS: 10.14.2 | MatchOS: 10.14.1,10.14.2 | MatchBuild: All] ==> allowed
134:408  0:000   - [04]: IOBufferCopyController (disable IOBufferCopyController (Credit by DalianSky)) :: PlistPatch :: [OS: 10.14.2 | MatchOS: All | MatchBuild: All] ==> allowed
134:408  0:000  Filtering KernelPatches:
134:408  0:000   - [00]: Disable panic kext logging on 10.13 Debug kernel :: [OS: 10.14.2 | MatchOS: 10.13 | MatchBuild: no] ==> not allowed by OS
134:408  0:000   - [01]: Disable panic kext logging on 10.13 Release kernel :: [OS: 10.14.2 | MatchOS: 10.13 | MatchBuild: no] ==> not allowed by OS
134:408  0:000   - [02]: Disable panic kext logging on 10.14 Release kernel (c) vit9696 :: [OS: 10.14.2 | MatchOS: 10.14.x | MatchBuild: no] ==> allowed by OS
134:408  0:000   - [03]: MSR 0xE2 _xcpm_idle instant reboot(c) Pike R. Alpha :: [OS: 10.14.2 | MatchOS: All | MatchBuild: no] ==> allowed by OS
134:408  0:000  Will not patch boot.efi
134:408  0:000  EmuVariable InstallEmulation: orig vars copied, emu.var.services installed, CreateEvent VirtualAddressChange = Success, CreateEvent ExitBootServices = Success, set Status=Success
134:431  0:022  === [ PatchSmbios ] =======================================
134:431  0:000  insert table 9 for dev 0:0
134:431  0:000  insert table 9 for dev 0:1
134:431  0:000  insert table 9 for dev 0:0
134:432  0:000  Trusting SMBIOS...
134:432  0:000  Channels: 2
134:432  0:000  Interleave: 0 2 1 3 4 6 5 7 8 10 9 11 12 14 13 15 16 18 17 19 20 22 21 23
134:432  0:000   partNum=M379B5273DH0-YK0  
134:432  0:000  SMBIOS Type 17 Index = 0 => 0 0:
134:432  0:000  BANK 0 DIMM0 1600MHz 4096MB
134:432  0:000   partNum=M379B5273DH0-YK0  
134:432  0:000  SMBIOS Type 17 Index = 1 => 2 2:
134:432  0:000  BANK 1 DIMM0 1600MHz 4096MB
134:432  0:000  SMBIOS Type 17 Index = 2 => 1 1:
134:432  0:000  BANK 0 DIMM1 EMPTY
134:432  0:000  SMBIOS Type 17 Index = 3 => 3 3:
134:432  0:000  BANK 1 DIMM1 EMPTY
134:432  0:000  mTotalSystemMemory = 8192
134:432  0:000  NumberOfMemoryDevices = 4
134:432  0:000  Type20[0]->End = 0x3FFFFF, Type17[0] = 0x1000
134:432  0:000  Type20[1]->End = 0x7FFFFF, Type17[1] = 0x3000
134:432  0:000  Table 131 is present, CPUType=10
134:432  0:000  Change to: 905
134:432  0:000  === [ PatchACPI ] =========================================
134:432  0:000  Xsdt reallocation done
134:432  0:000  old FADT length=10C
134:432  0:000   SignatureFixup: 0xB09262D8 -> 0x0
134:432  0:000  Apply DsdtFixMask=0x00000000
134:432  0:000     drop _DSM mask=0xFFFF
134:432  0:000  === [ FixBiosDsdt ] =======================================
134:432  0:000  VideoCard devID=0x68191002
134:432  0:000  DisplayADR1[0] = 0x10000, DisplayADR2[0] = 0x0
134:432  0:000  USBADR[0] = 0x140000 and PCIe = 0xFFFE
134:433  0:000  Audio HDA (addr:0x1F0003) setting specified layout-id=13 (0xD)
134:433  0:000  Patching DSDT:
134:433  0:000   - [change OSID to XSID (to avoid match against _OSI XOSI patch)]: disabled
134:433  0:000   - [change _OSI to XOSI]: disabled
134:433  0:000   - [change _DSM to XDSM]: disabled
134:433  0:000   - [change EC0 to EC]: disabled
134:433  0:000   - [change H_EC to EC]: disabled
134:433  0:000   - [change ECDV to EC]: disabled
134:433  0:000   - [change HDAS to HDEF]: pattern 48444153, patched at: [ (A728) (1B1F) (8E) (D) (A1) (6A) ]
134:433  0:000   - [change HECI to IMEI]: pattern 48454349, patched at: [ (FD28) ]
134:433  0:000   - [change MEI to IMEI]: pattern 4D45495F, bin not found / already patched!
134:433  0:000   - [change GFX0 to IGPU]: pattern 47465830, patched at: [ (2E58) (6770) (6BD7) (1B) (2FBA) (14) (61C7) (169F) (7BAB) ]
134:433  0:000   - [change PCI0.VID to IGPU #1 (Thinkpad)]: pattern 50434930, bin not found / already patched!
134:433  0:000   - [change PCI0.VID to IGPU #2 (Thinkpad)]: pattern 5649445F, bin not found / already patched!
134:434  0:000    0 replacements
134:434  0:000  first CPU found at 908E offset 9091
134:434  0:000  score candidate at 908A
134:434  0:000  score inserted in acpi_cpu_score _PR_
134:434  0:000  Found ACPI CPU: CPU0 | CPU1 | CPU2 | CPU3 | CPU4 | CPU5 | CPU6 | CPU7 , within the score: _PR_
134:434  0:000  PreCleanup XSDT: count=19, length=188
134:434  0:000  PreCleanup XSDT, corrected XSDT: count=19, length=188
134:434  0:000  === [ ACPIPatchedAML ] ====================================
134:434  0:000  AutoMerge pass 1
134:434  0:000  Unsorted
134:434  0:000  Disabled: ssdt.aml, skip
134:434  0:000  Inserting SSDT-UIAC-ALL.aml from EFI\CLOVER\ACPI\patched: ignore on pass 1
134:434  0:000  Inserting SSDT-Disable-DGPU.aml from EFI\CLOVER\ACPI\patched: ignore on pass 1
134:434  0:000  === [ ACPIDropTables ] ====================================
134:434  0:000  0. [change OSID to XSID (to avoid match against _OSI XOSI patch)]: disabled
134:434  0:000  1. [change _OSI to XOSI]: disabled
134:434  0:000  2. [change _DSM to XDSM]: disabled
134:434  0:000  3. [change EC0 to EC]: disabled
134:434  0:000  4. [change H_EC to EC]: disabled
134:434  0:000  5. [change ECDV to EC]: disabled
134:434  0:000  6. [change HDAS to HDEF]: pattern 48444153, bin not found / already patched!
134:434  0:000  7. [change HECI to IMEI]: pattern 48454349, bin not found / already patched!
134:434  0:000  8. [change MEI to IMEI]: pattern 4D45495F, bin not found / already patched!
134:434  0:000  9. [change GFX0 to IGPU]: pattern 47465830, bin not found / already patched!
134:434  0:000  10. [change PCI0.VID to IGPU #1 (Thinkpad)]: pattern 50434930, bin not found / already patched!
134:434  0:000  11. [change PCI0.VID to IGPU #2 (Thinkpad)]: pattern 5649445F, bin not found / already patched!
134:434  0:000    0 replacements
134:434  0:000  0. [change OSID to XSID (to avoid match against _OSI XOSI patch)]: disabled
134:434  0:000  1. [change _OSI to XOSI]: disabled
134:434  0:000  2. [change _DSM to XDSM]: disabled
134:434  0:000  3. [change EC0 to EC]: disabled
134:434  0:000  4. [change H_EC to EC]: disabled
134:434  0:000  5. [change ECDV to EC]: disabled
134:434  0:000  6. [change HDAS to HDEF]: pattern 48444153, bin not found / already patched!
134:434  0:000  7. [change HECI to IMEI]: pattern 48454349, bin not found / already patched!
134:434  0:000  8. [change MEI to IMEI]: pattern 4D45495F, bin not found / already patched!
134:434  0:000  9. [change GFX0 to IGPU]: pattern 47465830, bin not found / already patched!
134:434  0:000  10. [change PCI0.VID to IGPU #1 (Thinkpad)]: pattern 50434930, bin not found / already patched!
134:434  0:000  11. [change PCI0.VID to IGPU #2 (Thinkpad)]: pattern 5649445F, bin not found / already patched!
134:434  0:000    0 replacements
134:434  0:000  0. [change OSID to XSID (to avoid match against _OSI XOSI patch)]: disabled
134:434  0:000  1. [change _OSI to XOSI]: disabled
134:434  0:000  2. [change _DSM to XDSM]: disabled
134:434  0:000  3. [change EC0 to EC]: disabled
134:434  0:000  4. [change H_EC to EC]: disabled
134:434  0:000  5. [change ECDV to EC]: disabled
134:434  0:000  6. [change HDAS to HDEF]: pattern 48444153, bin not found / already patched!
134:434  0:000  7. [change HECI to IMEI]: pattern 48454349, bin not found / already patched!
134:434  0:000  8. [change MEI to IMEI]: pattern 4D45495F, bin not found / already patched!
134:434  0:000  9. [change GFX0 to IGPU]: pattern 47465830, bin not found / already patched!
134:434  0:000  10. [change PCI0.VID to IGPU #1 (Thinkpad)]: pattern 50434930, bin not found / already patched!
134:434  0:000  11. [change PCI0.VID to IGPU #2 (Thinkpad)]: pattern 5649445F, bin not found / already patched!
134:434  0:000    0 replacements
134:434  0:000  0. [change OSID to XSID (to avoid match against _OSI XOSI patch)]: disabled
134:434  0:000  1. [change _OSI to XOSI]: disabled
134:434  0:000  2. [change _DSM to XDSM]: disabled
134:434  0:000  3. [change EC0 to EC]: disabled
134:434  0:000  4. [change H_EC to EC]: disabled
134:434  0:000  5. [change ECDV to EC]: disabled
134:434  0:000  6. [change HDAS to HDEF]: pattern 48444153, bin not found / already patched!
134:434  0:000  7. [change HECI to IMEI]: pattern 48454349, bin not found / already patched!
134:434  0:000  8. [change MEI to IMEI]: pattern 4D45495F, bin not found / already patched!
134:434  0:000  9. [change GFX0 to IGPU]: pattern 47465830, bin not found / already patched!
134:434  0:000  10. [change PCI0.VID to IGPU #1 (Thinkpad)]: pattern 50434930, bin not found / already patched!
134:434  0:000  11. [change PCI0.VID to IGPU #2 (Thinkpad)]: pattern 5649445F, bin not found / already patched!
134:434  0:000    0 replacements
134:434  0:000  0. [change OSID to XSID (to avoid match against _OSI XOSI patch)]: disabled
134:434  0:000  1. [change _OSI to XOSI]: disabled
134:434  0:000  2. [change _DSM to XDSM]: disabled
134:434  0:000  3. [change EC0 to EC]: disabled
134:434  0:000  4. [change H_EC to EC]: disabled
134:434  0:000  5. [change ECDV to EC]: disabled
134:434  0:000  6. [change HDAS to HDEF]: pattern 48444153, bin not found / already patched!
134:434  0:000  7. [change HECI to IMEI]: pattern 48454349, bin not found / already patched!
134:434  0:000  8. [change MEI to IMEI]: pattern 4D45495F, bin not found / already patched!
134:434  0:000  9. [change GFX0 to IGPU]: pattern 47465830, bin not found / already patched!
134:434  0:000  10. [change PCI0.VID to IGPU #1 (Thinkpad)]: pattern 50434930, bin not found / already patched!
134:434  0:000  11. [change PCI0.VID to IGPU #2 (Thinkpad)]: pattern 5649445F, bin not found / already patched!
134:434  0:000    0 replacements
134:434  0:000  0. [change OSID to XSID (to avoid match against _OSI XOSI patch)]: disabled
134:434  0:000  1. [change _OSI to XOSI]: disabled
134:434  0:000  2. [change _DSM to XDSM]: disabled
134:434  0:000  3. [change EC0 to EC]: disabled
134:434  0:000  4. [change H_EC to EC]: disabled
134:434  0:000  5. [change ECDV to EC]: disabled
134:434  0:000  6. [change HDAS to HDEF]: pattern 48444153, bin not found / already patched!
134:434  0:000  7. [change HECI to IMEI]: pattern 48454349, bin not found / already patched!
134:434  0:000  8. [change MEI to IMEI]: pattern 4D45495F, bin not found / already patched!
134:434  0:000  9. [change GFX0 to IGPU]: pattern 47465830, bin not found / already patched!
134:434  0:000  10. [change PCI0.VID to IGPU #1 (Thinkpad)]: pattern 50434930, bin not found / already patched!
134:434  0:000  11. [change PCI0.VID to IGPU #2 (Thinkpad)]: pattern 5649445F, bin not found / already patched!
134:434  0:000    0 replacements
134:434  0:000  0. [change OSID to XSID (to avoid match against _OSI XOSI patch)]: disabled
134:434  0:000  1. [change _OSI to XOSI]: disabled
134:434  0:000  2. [change _DSM to XDSM]: disabled
134:434  0:000  3. [change EC0 to EC]: disabled
134:434  0:000  4. [change H_EC to EC]: disabled
134:434  0:000  5. [change ECDV to EC]: disabled
134:434  0:000  6. [change HDAS to HDEF]: pattern 48444153, bin not found / already patched!
134:434  0:000  7. [change HECI to IMEI]: pattern 48454349, bin not found / already patched!
134:434  0:000  8. [change MEI to IMEI]: pattern 4D45495F, bin not found / already patched!
134:434  0:000  9. [change GFX0 to IGPU]: pattern 47465830, patched at: [ (DD3) (25E1) (1D) (716) ]
134:434  0:000  10. [change PCI0.VID to IGPU #1 (Thinkpad)]: pattern 50434930, bin not found / already patched!
134:434  0:000  11. [change PCI0.VID to IGPU #2 (Thinkpad)]: pattern 5649445F, bin not found / already patched!
134:434  0:000    0 replacements
134:434  0:000  Found OperationRegion(SANV, SystemMemory, B2CFFD98, ...)
134:434  0:000  0. [change OSID to XSID (to avoid match against _OSI XOSI patch)]: disabled
134:434  0:000  1. [change _OSI to XOSI]: disabled
134:434  0:000  2. [change _DSM to XDSM]: disabled
134:434  0:000  3. [change EC0 to EC]: disabled
134:434  0:000  4. [change H_EC to EC]: disabled
134:434  0:000  5. [change ECDV to EC]: disabled
134:434  0:000  6. [change HDAS to HDEF]: pattern 48444153, bin not found / already patched!
134:434  0:000  7. [change HECI to IMEI]: pattern 48454349, bin not found / already patched!
134:434  0:000  8. [change MEI to IMEI]: pattern 4D45495F, bin not found / already patched!
134:435  0:000  9. [change GFX0 to IGPU]: pattern 47465830, bin not found / already patched!
134:435  0:000  10. [change PCI0.VID to IGPU #1 (Thinkpad)]: pattern 50434930, bin not found / already patched!
134:435  0:000  11. [change PCI0.VID to IGPU #2 (Thinkpad)]: pattern 5649445F, bin not found / already patched!
134:435  0:000    0 replacements
134:435  0:000  Found OperationRegion(PNVS, SystemMemory, AB752000, ...)
134:435  0:000  === [ ACPIPatchedAML ] ====================================
134:435  0:000  AutoMerge pass 2
134:435  0:000  Unsorted
134:435  0:000  Inserting SSDT-UIAC-ALL.aml from EFI\CLOVER\ACPI\patched: size=7540 ... Success
134:453  0:018  Inserting SSDT-Disable-DGPU.aml from EFI\CLOVER\ACPI\patched: size=1411 ... Success
134:453  0:000  CPUBase=0 and ApicCPUBase=1 ApicCPUNum=1
134:453  0:000  Maximum control=0x25
134:453  0:000  P-States: min 0x8, max 0x25
134:453  0:000  SSDT with plugin-type without P-States is generated
134:453  0:000  Cleanup XSDT: count=22, length=212
134:453  0:000  corrected XSDT count=22, length=212
134:453  0:000  === [ RestSetup macOS ] ===================================
134:453  0:000  EdidDiscovered size=128
134:453  0:000  --- Discovered EDID Table size:128
134:453  0:000  000  |  00  FF  FF  FF  FF  FF  FF  00  1E  6D
134:453  0:000  010  |  2A  59  01  01  01  01  01  16  01  03
134:453  0:000  020  |  80  32  1C  78  EA  E2  95  A2  55  4F
134:453  0:000  030  |  9F  26  11  50  54  21  08  00  71  40
134:453  0:000  040  |  81  C0  81  00  81  80  95  00  90  40
134:453  0:000  050  |  A9  C0  B3  00  02  3A  80  18  71  38
134:453  0:000  060  |  2D  40  58  2C  45  00  FD  1E  11  00
134:453  0:000  070  |  00  1E  00  00  00  FD  00  38  3D  1E
134:453  0:000  080  |  53  0F  00  0A  20  20  20  20  20  20
134:453  0:000  090  |  00  00  00  FC  00  44  32  33  34  33
134:453  0:000  100  |  0A  20  20  20  20  20  20  20  00  00
134:453  0:000  110  |  00  FF  00  0A  20  20  20  20  20  20
134:453  0:000  120  |  20  20  20  20  20  20  01  1B
134:453  0:000  ATI injection not set
134:453  0:000  Intel HD Graphics 530 [8086:1912] :: PciRoot(0x0)\Pci(0x2,0x0)
134:453  0:000    Found Full HD Display - 16:9 :: Width=1920 Height=1080
134:453  0:000    IntelHDMI: used
134:453  0:000    Beginning DualLink auto-detection
134:453  0:000    High Resolution Display
134:453  0:000    AAPL00,DualLink = 1
134:453  0:000    FakeID Intel GFX: not set
134:453  0:000    ig-platform-id = 0x19120000
134:453  0:000    Beginning Intel GFX auto-detection with ACPI injection
134:453  0:000    Found FakeID Intel GFX = 0x19128086
134:453  0:000  Intel GFX revision  = 0x6
134:454  0:000   RCBA disabled; cannot use it
134:454  0:000   setting specified layout-id=13 (0xD)
134:454  0:000  stringlength = 2054
134:454  0:000  CurrentMode: Width=1920 Height=1080
134:454  0:000  Beginning FSInjection
FSInjectionInstall ...
- Our FSI_SIMPLE_FILE_SYSTEM_PROTOCOL installed on handle: AD13FF98
FSInjectionInstall ...
- Our FSI_SIMPLE_FILE_SYSTEM_PROTOCOL installed on handle: AD13FF98
134:454  0:000  Use origin smbios table type 1 guid.
134:456  0:001    Force kext: System\Library\Extensions\IONetworkingFamily.kext
134:623  0:167      Force PlugIn kext: System\Library\Extensions\IONetworkingFamily.kext\Contents\PlugIns\nvenet.kext
134:654  0:031      Force PlugIn kext: System\Library\Extensions\IONetworkingFamily.kext\Contents\PlugIns\AppleEthernetAquantiaAqtion.kext
134:678  0:023      Force PlugIn kext: System\Library\Extensions\IONetworkingFamily.kext\Contents\PlugIns\AppleBCM5701Ethernet.kext
134:704  0:026      Force PlugIn kext: System\Library\Extensions\IONetworkingFamily.kext\Contents\PlugIns\AppleIntelI210Ethernet.kext
134:721  0:017      Force PlugIn kext: System\Library\Extensions\IONetworkingFamily.kext\Contents\PlugIns\Intel82574L.kext
134:739  0:017      Force PlugIn kext: System\Library\Extensions\IONetworkingFamily.kext\Contents\PlugIns\IOEthernetAVBController.kext
134:751  0:012      Force PlugIn kext: System\Library\Extensions\IONetworkingFamily.kext\Contents\PlugIns\AppleYukon2.kext
134:775  0:024      Force PlugIn kext: System\Library\Extensions\IONetworkingFamily.kext\Contents\PlugIns\AppleEthernetAquantiaAqtionFirmware.kext
134:810  0:034      Force PlugIn kext: System\Library\Extensions\IONetworkingFamily.kext\Contents\PlugIns\AppleIntel8254XEthernet.kext
134:823  0:013      Force PlugIn kext: System\Library\Extensions\IONetworkingFamily.kext\Contents\PlugIns\AppleVmxnet3Ethernet.kext
134:836  0:012      Force PlugIn kext: System\Library\Extensions\IONetworkingFamily.kext\Contents\PlugIns\mDNSOffloadUserClient.kext
134:847  0:011  Preparing kexts injection for arch=x86_64 from EFI\CLOVER\kexts\Other
134:847  0:000  Extra kext: EFI\CLOVER\kexts\Other\CPUFriendDataProvider.kext (v.1.0.0)
134:848  0:000  Extra kext: EFI\CLOVER\kexts\Other\CPUFriend.kext (v.1.1.6)
134:865  0:017  Extra kext: EFI\CLOVER\kexts\Other\FakeSMC_LPCSensors.kext (v.1787)
134:887  0:022  Extra kext: EFI\CLOVER\kexts\Other\FakeSMC_GPUSensors.kext (v.1787)
134:895  0:007  Extra kext: EFI\CLOVER\kexts\Other\FakeSMC_CPUSensors.kext (v.1787)
134:911  0:016  Extra kext: EFI\CLOVER\kexts\Other\RealtekRTL8111.kext (v.2.2.2)
134:929  0:018  Extra kext: EFI\CLOVER\kexts\Other\FakeSMC_ACPISensors.kext (v.1787)
134:936  0:006  Extra kext: EFI\CLOVER\kexts\Other\WhateverGreen.kext (v.1.2.6)
134:953  0:017  Extra kext: EFI\CLOVER\kexts\Other\AppleALC.kext (v.1.3.4)
135:014  0:060  Extra kext: EFI\CLOVER\kexts\Other\USBInjectAll.kext (v.0.7.1)
135:081  0:066  Extra kext: EFI\CLOVER\kexts\Other\FakeSMC.kext (v.1800)
135:090  0:009  Extra kext: EFI\CLOVER\kexts\Other\Lilu.kext (v.1.3.1)
135:093  0:002  Extra kext: EFI\CLOVER\kexts\Other\HibernationFixup.kext (v.1.2.4)
135:100  0:007  Custom boot screen not used because entry has unset use graphics
135:100  0:000  Closing log
